# JRE version: Java(TM) SE Runtime Environment 18.9 (11.0.8+10) (build 11.0.8+10-LTS)
# Java VM: Java HotSpot(TM) 64-Bit Server VM 18.9 (11.0.8+10-LTS, mixed mode, tiered, compressed oops, g1 gc, windows-amd64)
Heap:
 garbage-first heap   total 187392K, used 68919K [0x0000000082800000, 0x0000000100000000)
  region size 1024K, 15 young (15360K), 9 survivors (9216K)
 Metaspace       used 68364K, capacity 69117K, committed 69296K, reserved 1110016K
  class space    used 7496K, capacity 7834K, committed 7856K, reserved 1048576K
GC Heap History (10 events):
Event: 4.446 GC heap before
{Heap before GC invocations=8 (full 0):
 garbage-first heap   total 155648K, used 91483K [0x0000000082800000, 0x0000000100000000)
  region size 1024K, 62 young (63488K), 7 survivors (7168K)
 Metaspace       used 51883K, capacity 52500K, committed 52784K, reserved 1095680K
  class space    used 6067K, capacity 6332K, committed 6448K, reserved 1048576K
}
Event: 4.457 GC heap after
{Heap after GC invocations=9 (full 0):
 garbage-first heap   total 155648K, used 40237K [0x0000000082800000, 0x0000000100000000)
  region size 1024K, 7 young (7168K), 7 survivors (7168K)
 Metaspace       used 51883K, capacity 52500K, committed 52784K, reserved 1095680K
  class space    used 6067K, capacity 6332K, committed 6448K, reserved 1048576K
}
Event: 5.214 GC heap before
{Heap before GC invocations=9 (full 0):
 garbage-first heap   total 155648K, used 96557K [0x0000000082800000, 0x0000000100000000)
  region size 1024K, 62 young (63488K), 7 survivors (7168K)
 Metaspace       used 54616K, capacity 55236K, committed 55472K, reserved 1097728K
  class space    used 6237K, capacity 6514K, committed 6576K, reserved 1048576K
}
Event: 5.226 GC heap after
{Heap after GC invocations=10 (full 0):
 garbage-first heap   total 155648K, used 47036K [0x0000000082800000, 0x0000000100000000)
  region size 1024K, 7 young (7168K), 7 survivors (7168K)
 Metaspace       used 54616K, capacity 55236K, committed 55472K, reserved 1097728K
  class space    used 6237K, capacity 6514K, committed 6576K, reserved 1048576K
}
Event: 5.925 GC heap before
{Heap before GC invocations=10 (full 0):
 garbage-first heap   total 155648K, used 103356K [0x0000000082800000, 0x0000000100000000)
  region size 1024K, 62 young (63488K), 7 survivors (7168K)
 Metaspace       used 58651K, capacity 59323K, committed 59440K, reserved 1101824K
  class space    used 6611K, capacity 6889K, committed 6960K, reserved 1048576K
}
Event: 5.938 GC heap after
{Heap after GC invocations=11 (full 0):
 garbage-first heap   total 187392K, used 54144K [0x0000000082800000, 0x0000000100000000)
  region size 1024K, 7 young (7168K), 7 survivors (7168K)
 Metaspace       used 58651K, capacity 59323K, committed 59440K, reserved 1101824K
  class space    used 6611K, capacity 6889K, committed 6960K, reserved 1048576K
}
Event: 6.375 GC heap before
{Heap before GC invocations=11 (full 0):
 garbage-first heap   total 187392K, used 73600K [0x0000000082800000, 0x0000000100000000)
  region size 1024K, 27 young (27648K), 7 survivors (7168K)
 Metaspace       used 59502K, capacity 60116K, committed 60208K, reserved 1101824K
  class space    used 6620K, capacity 6892K, committed 6960K, reserved 1048576K
}
Event: 6.381 GC heap after
{Heap after GC invocations=12 (full 0):
 garbage-first heap   total 187392K, used 56320K [0x0000000082800000, 0x0000000100000000)
  region size 1024K, 2 young (2048K), 2 survivors (2048K)
 Metaspace       used 59502K, capacity 60116K, committed 60208K, reserved 1101824K
  class space    used 6620K, capacity 6892K, committed 6960K, reserved 1048576K
}
Event: 7.591 GC heap before
{Heap before GC invocations=13 (full 0):
 garbage-first heap   total 187392K, used 122880K [0x0000000082800000, 0x0000000100000000)
  region size 1024K, 67 young (68608K), 2 survivors (2048K)
 Metaspace       used 68038K, capacity 68861K, committed 69040K, reserved 1110016K
  class space    used 7470K, capacity 7834K, committed 7856K, reserved 1048576K
}
Event: 7.602 GC heap after
{Heap after GC invocations=14 (full 0):
 garbage-first heap   total 187392K, used 63799K [0x0000000082800000, 0x0000000100000000)
  region size 1024K, 9 young (9216K), 9 survivors (9216K)
 Metaspace       used 68038K, capacity 68861K, committed 69040K, reserved 1110016K
  class space    used 7470K, capacity 7834K, committed 7856K, reserved 1048576K
}

